<?xml version="1.0" encoding="UTF-8"?>
<testng-results skipped="0" failed="0" ignored="0" total="1" passed="1">
  <reporter-output>
  </reporter-output>
  <suite name="Suite" duration-ms="2830" started-at="2023-03-10T20:37:36 IST" finished-at="2023-03-10T20:37:39 IST">
    <groups>
    </groups>
    <test name="Test" duration-ms="2830" started-at="2023-03-10T20:37:36 IST" finished-at="2023-03-10T20:37:39 IST">
      <class name="githubdemo.practice1">
        <test-method status="PASS" signature="test1()[pri:0, instance:githubdemo.practice1@76707e36]" name="test1" duration-ms="795" started-at="2023-03-10T20:37:37 IST" finished-at="2023-03-10T20:37:38 IST">
          <reporter-output>
          </reporter-output>
        </test-method> <!-- test1 -->
      </class> <!-- githubdemo.practice1 -->
    </test> <!-- Test -->
  </suite> <!-- Suite -->
</testng-results>
