<?xml version="1.0" encoding="UTF-8"?>
<testng-results ignored="0" total="1" passed="1" failed="0" skipped="0">
  <reporter-output>
  </reporter-output>
  <suite started-at="2023-03-10T20:05:31 IST" name="Suite" finished-at="2023-03-10T20:05:31 IST" duration-ms="104">
    <groups>
    </groups>
    <test started-at="2023-03-10T20:05:31 IST" name="Test" finished-at="2023-03-10T20:05:31 IST" duration-ms="104">
      <class name="githubdemo.practice1">
        <test-method signature="test1()[pri:0, instance:githubdemo.practice1@10d307f1]" started-at="2023-03-10T20:05:31 IST" name="test1" finished-at="2023-03-10T20:05:31 IST" duration-ms="12" status="PASS">
          <reporter-output>
          </reporter-output>
        </test-method> <!-- test1 -->
      </class> <!-- githubdemo.practice1 -->
    </test> <!-- Test -->
  </suite> <!-- Suite -->
</testng-results>
